
> attendance-express-backend@1.0.0 dev
> nodemon src/app.js

[33m[nodemon] 3.1.14[39m
[33m[nodemon] to restart at any time, enter `rs`[39m
[33m[nodemon] watching path(s): *.*[39m
[33m[nodemon] watching extensions: js,mjs,cjs,json[39m
[32m[nodemon] starting `node src/app.js`[39m
◇ injected env (5) from .env // tip: ◈ secrets for agents [www.dotenvx.com]
[2026-07-08 20:33:52.417 +0530] [32mINFO[39m: [36m🕒 Initializing Cron Jobs...[39m
[2026-07-08 20:33:52.430 +0530] [32mINFO[39m: [36m✅ Cron Jobs Scheduled Successfully[39m
[2026-07-08 20:33:52.435 +0530] [32mINFO[39m: [36m🚀 API Gateway running on port 3000[39m
[2026-07-08 20:33:52.883 +0530] [32mINFO[39m: [36mConnected to Redis for Rate Limiting[39m
[2026-07-08 20:33:57.087 +0530] [32mINFO[39m: [36mrequest completed[39m
    [35mreq[39m: {
      "id": 1,
      "method": "GET",
      "url": "/health",
      "query": {},
      "params": {},
      "headers": {
        "host": "localhost:3000",
        "user-agent": "curl/8.7.1",
        "accept": "*/*"
      },
      "remoteAddress": "::1",
      "remotePort": 62584
    }
    [35mres[39m: {
      "statusCode": 200,
      "headers": {
        "content-security-policy": "default-src 'self';base-uri 'self';font-src 'self' https: data:;form-action 'self';frame-ancestors 'self';img-src 'self' data:;object-src 'none';script-src 'self';script-src-attr 'none';style-src 'self' https: 'unsafe-inline';upgrade-insecure-requests",
        "cross-origin-opener-policy": "same-origin",
        "cross-origin-resource-policy": "same-origin",
        "origin-agent-cluster": "?1",
        "referrer-policy": "no-referrer",
        "strict-transport-security": "max-age=31536000; includeSubDomains",
        "x-content-type-options": "nosniff",
        "x-dns-prefetch-control": "off",
        "x-download-options": "noopen",
        "x-frame-options": "SAMEORIGIN",
        "x-permitted-cross-domain-policies": "none",
        "x-xss-protection": "0",
        "access-control-allow-origin": "*",
        "access-control-allow-headers": "Origin, X-Requested-With, Content-Type, Accept, x-api-key, Authorization",
        "access-control-allow-methods": "GET, POST, PUT, DELETE, PATCH, OPTIONS",
        "ratelimit-policy": "1000;w=900",
        "ratelimit-limit": "1000",
        "ratelimit-remaining": "999",
        "ratelimit-reset": "900",
        "content-type": "application/json; charset=utf-8",
        "content-length": "34",
        "etag": "W/\"22-SyIYG1OcddrZ6XBfKWnKJxBAtII\""
      }
    }
    [35mresponseTime[39m: 130
[2026-07-08 20:33:58.428 +0530] [32mINFO[39m: [36mrequest completed[39m
    [35mreq[39m: {
      "id": 2,
      "method": "GET",
      "url": "/api/v1/students",
      "query": {},
      "params": {},
      "headers": {
        "host": "localhost:3000",
        "user-agent": "curl/8.7.1",
        "accept": "*/*"
      },
      "remoteAddress": "::1",
      "remotePort": 62585
    }
    [35mres[39m: {
      "statusCode": 200,
      "headers": {
        "content-security-policy": "default-src 'self';base-uri 'self';font-src 'self' https: data:;form-action 'self';frame-ancestors 'self';img-src 'self' data:;object-src 'none';script-src 'self';script-src-attr 'none';style-src 'self' https: 'unsafe-inline';upgrade-insecure-requests",
        "cross-origin-opener-policy": "same-origin",
        "cross-origin-resource-policy": "same-origin",
        "origin-agent-cluster": "?1",
        "referrer-policy": "no-referrer",
        "strict-transport-security": "max-age=31536000; includeSubDomains",
        "x-content-type-options": "nosniff",
        "x-dns-prefetch-control": "off",
        "x-download-options": "noopen",
        "x-frame-options": "SAMEORIGIN",
        "x-permitted-cross-domain-policies": "none",
        "x-xss-protection": "0",
        "access-control-allow-origin": "*",
        "access-control-allow-headers": "Origin, X-Requested-With, Content-Type, Accept, x-api-key, Authorization",
        "access-control-allow-methods": "GET, POST, PUT, DELETE, PATCH, OPTIONS",
        "ratelimit-policy": "1000;w=900",
        "ratelimit-limit": "1000",
        "ratelimit-remaining": "998",
        "ratelimit-reset": "900",
        "content-type": "application/json; charset=utf-8",
        "content-length": "207",
        "etag": "W/\"cf-aZzCCL7jMp+SwaiyNtYcXzlD9Dw\""
      }
    }
    [35mresponseTime[39m: 1326
